This file contains any messages produced by compilers while
running configure, to aid debugging if configure makes a mistake.

It was created by hawtjni-example configure 0.1, which was
generated by GNU Autoconf 2.63.  Invocation command line was

  $ ./configure --disable-ccache --prefix=/home/aigupta/hawtjni/hawtjni-example/target/native-build/target --no-create --no-recursion

## --------- ##
## Platform. ##
## --------- ##

hostname = aigupta-ld
uname -m = x86_64
uname -r = 2.6.32-131.4.1.el6.x86_64
uname -s = Linux
uname -v = #1 SMP Fri Jun 10 10:54:26 EDT 2011

/usr/bin/uname -p = unknown
/bin/uname -X     = unknown

/bin/arch              = x86_64
/usr/bin/arch -k       = unknown
/usr/convex/getsysinfo = unknown
/usr/bin/hostinfo      = unknown
/bin/machine           = unknown
/usr/bin/oslevel       = unknown
/bin/universe          = unknown

PATH: /opt/rh/devtoolset-1.1/root/usr/bin
PATH: /home/aigupta/projects/uscp/uscp_trunk/uscp-cli/cli
PATH: /home/aigupta/projects/uscp/uscp_trunk/uscp-cli/cli
PATH: /usr/lib64/qt-3.3/bin
PATH: /usr/NX/bin
PATH: /usr/local/bin
PATH: /usr/bin
PATH: /bin
PATH: /usr/local/sbin
PATH: /usr/sbin
PATH: /sbin
PATH: /export/apps/xtools/apache-ant-1.7.1/bin
PATH: /export/apps/xtools/gradle-1.0-milestone-3/bin
PATH: /export/apps/xtools/oracle-instant-client_10.2
PATH: /home/aigupta/bin
PATH: /export/apps/jdk/JDK-1_6_0_27/bin
PATH: /usr/local/bin
PATH: /usr/local/mysql/bin
PATH: /usr/local/linkedin/bin
PATH: /usr/local/scala-2.8.0.final/bin
PATH: /export/apps/xtools/bin
PATH: /home/aigupta/projects/uscp/uscp_trunk/uscp-cli/cli
PATH: /home/aigupta/scripts
PATH: /usr/local/bin/apache-maven-3.0.4/bin
PATH: /export/apps/xtools/apache-ant-1.7.1/bin
PATH: /export/apps/xtools/gradle-1.0-milestone-3/bin
PATH: /export/apps/xtools/oracle-instant-client_10.2
PATH: /export/apps/xtools/apache-ant-1.7.1/bin
PATH: /export/apps/xtools/gradle-1.0-milestone-3/bin
PATH: /export/apps/xtools/oracle-instant-client_10.2
PATH: /home/aigupta/bin
PATH: /export/apps/jdk/JDK-1_6_0_27/bin
PATH: /usr/local/bin
PATH: /usr/local/mysql/bin
PATH: /usr/local/linkedin/bin
PATH: /usr/local/scala-2.8.0.final/bin
PATH: /export/apps/xtools/bin
PATH: /home/aigupta/projects/uscp/uscp_trunk/uscp-cli/cli
PATH: /home/aigupta/scripts
PATH: /usr/local/bin/apache-maven-3.0.4/bin
PATH: /export/apps/xtools/apache-ant-1.7.1/bin
PATH: /export/apps/xtools/gradle-1.0-milestone-3/bin
PATH: /export/apps/xtools/oracle-instant-client_10.2
PATH: /export/apps/xtools/apache-ant-1.7.1/bin
PATH: /export/apps/xtools/gradle-1.0-milestone-3/bin
PATH: /export/apps/xtools/oracle-instant-client_10.2


## ----------- ##
## Core tests. ##
## ----------- ##

configure:2078: checking build system type
configure:2096: result: x86_64-unknown-linux-gnu
configure:2118: checking host system type
configure:2133: result: x86_64-unknown-linux-gnu
configure:2155: checking target system type
configure:2170: result: x86_64-unknown-linux-gnu
configure:2260: checking for g++
configure:2276: found /opt/rh/devtoolset-1.1/root/usr/bin/g++
configure:2287: result: g++
configure:2314: checking for C++ compiler version
configure:2322: g++ --version >&5
g++ (GCC) 4.7.2 20121015 (Red Hat 4.7.2-5)
Copyright (C) 2012 Free Software Foundation, Inc.
This is free software; see the source for copying conditions.  There is NO
warranty; not even for MERCHANTABILITY or FITNESS FOR A PARTICULAR PURPOSE.

configure:2326: $? = 0
configure:2333: g++ -v >&5
Using built-in specs.
COLLECT_GCC=g++
COLLECT_LTO_WRAPPER=/opt/rh/devtoolset-1.1/root/usr/libexec/gcc/x86_64-redhat-linux/4.7.2/lto-wrapper
Target: x86_64-redhat-linux
Configured with: ../configure --prefix=/opt/rh/devtoolset-1.1/root/usr --mandir=/opt/rh/devtoolset-1.1/root/usr/share/man --infodir=/opt/rh/devtoolset-1.1/root/usr/share/info --with-bugurl=http://bugzilla.redhat.com/bugzilla --enable-bootstrap --enable-shared --enable-threads=posix --enable-checking=release --disable-build-with-cxx --disable-build-poststage1-with-cxx --with-system-zlib --enable-__cxa_atexit --disable-libunwind-exceptions --enable-gnu-unique-object --enable-linker-build-id --enable-languages=c,c++,fortran,lto --enable-plugin --with-linker-hash-style=gnu --enable-initfini-array --disable-libgcj --with-ppl --with-cloog --with-mpc=/builddir/build/BUILD/gcc-4.7.2-20121015/obj-x86_64-redhat-linux/mpc-install --with-tune=generic --with-arch_32=i686 --build=x86_64-redhat-linux
Thread model: posix
gcc version 4.7.2 20121015 (Red Hat 4.7.2-5) (GCC) 
configure:2337: $? = 0
configure:2344: g++ -V >&5
g++: error: unrecognized command line option '-V'
g++: fatal error: no input files
compilation terminated.
configure:2348: $? = 4
configure:2371: checking for C++ compiler default output file name
configure:2393: g++    conftest.cpp  >&5
configure:2397: $? = 0
configure:2435: result: a.out
configure:2454: checking whether the C++ compiler works
configure:2464: ./a.out
configure:2468: $? = 0
configure:2487: result: yes
configure:2494: checking whether we are cross compiling
configure:2496: result: no
configure:2499: checking for suffix of executables
configure:2506: g++ -o conftest    conftest.cpp  >&5
configure:2510: $? = 0
configure:2536: result: 
configure:2542: checking for suffix of object files
configure:2568: g++ -c   conftest.cpp >&5
configure:2572: $? = 0
configure:2597: result: o
configure:2601: checking whether we are using the GNU C++ compiler
configure:2630: g++ -c   conftest.cpp >&5
configure:2637: $? = 0
configure:2654: result: yes
configure:2663: checking whether g++ accepts -g
configure:2693: g++ -c -g  conftest.cpp >&5
configure:2700: $? = 0
configure:2801: result: yes
configure:2838: checking for a BSD-compatible install
configure:2906: result: /usr/bin/install -c
configure:2992: checking for gcc
configure:3008: found /opt/rh/devtoolset-1.1/root/usr/bin/gcc
configure:3019: result: gcc
configure:3251: checking for C compiler version
configure:3259: gcc --version >&5
gcc (GCC) 4.7.2 20121015 (Red Hat 4.7.2-5)
Copyright (C) 2012 Free Software Foundation, Inc.
This is free software; see the source for copying conditions.  There is NO
warranty; not even for MERCHANTABILITY or FITNESS FOR A PARTICULAR PURPOSE.

configure:3263: $? = 0
configure:3270: gcc -v >&5
Using built-in specs.
COLLECT_GCC=gcc
COLLECT_LTO_WRAPPER=/opt/rh/devtoolset-1.1/root/usr/libexec/gcc/x86_64-redhat-linux/4.7.2/lto-wrapper
Target: x86_64-redhat-linux
Configured with: ../configure --prefix=/opt/rh/devtoolset-1.1/root/usr --mandir=/opt/rh/devtoolset-1.1/root/usr/share/man --infodir=/opt/rh/devtoolset-1.1/root/usr/share/info --with-bugurl=http://bugzilla.redhat.com/bugzilla --enable-bootstrap --enable-shared --enable-threads=posix --enable-checking=release --disable-build-with-cxx --disable-build-poststage1-with-cxx --with-system-zlib --enable-__cxa_atexit --disable-libunwind-exceptions --enable-gnu-unique-object --enable-linker-build-id --enable-languages=c,c++,fortran,lto --enable-plugin --with-linker-hash-style=gnu --enable-initfini-array --disable-libgcj --with-ppl --with-cloog --with-mpc=/builddir/build/BUILD/gcc-4.7.2-20121015/obj-x86_64-redhat-linux/mpc-install --with-tune=generic --with-arch_32=i686 --build=x86_64-redhat-linux
Thread model: posix
gcc version 4.7.2 20121015 (Red Hat 4.7.2-5) (GCC) 
configure:3274: $? = 0
configure:3281: gcc -V >&5
gcc: error: unrecognized command line option '-V'
gcc: fatal error: no input files
compilation terminated.
configure:3285: $? = 4
configure:3288: checking whether we are using the GNU C compiler
configure:3317: gcc -c   conftest.c >&5
configure:3324: $? = 0
configure:3341: result: yes
configure:3350: checking whether gcc accepts -g
configure:3380: gcc -c -g  conftest.c >&5
configure:3387: $? = 0
configure:3488: result: yes
configure:3505: checking for gcc option to accept ISO C89
configure:3579: gcc  -c -g -O2  conftest.c >&5
configure:3586: $? = 0
configure:3609: result: none needed
configure:3627: checking for a sed that does not truncate output
configure:3693: result: /bin/sed
configure:3711: checking for grep that handles long lines and -e
configure:3771: result: /bin/grep
configure:3776: checking for egrep
configure:3840: result: /bin/grep -E
configure:3845: checking for fgrep
configure:3909: result: /bin/grep -F
configure:3944: checking for ld used by gcc
configure:4011: result: /opt/rh/devtoolset-1.1/root/usr/libexec/gcc/x86_64-redhat-linux/4.7.2/ld
configure:4020: checking if the linker (/opt/rh/devtoolset-1.1/root/usr/libexec/gcc/x86_64-redhat-linux/4.7.2/ld) is GNU ld
configure:4035: result: yes
configure:4047: checking for BSD- or MS-compatible name lister (nm)
configure:4096: result: /opt/rh/devtoolset-1.1/root/usr/bin/nm -B
configure:4214: checking the name lister (/opt/rh/devtoolset-1.1/root/usr/bin/nm -B) interface
configure:4221: gcc -c -g -O2  conftest.c >&5
configure:4224: /opt/rh/devtoolset-1.1/root/usr/bin/nm -B "conftest.o"
configure:4227: output
0000000000000000 B some_variable
configure:4234: result: BSD nm
configure:4237: checking whether ln -s works
configure:4241: result: yes
configure:4249: checking the maximum length of command line arguments
configure:4369: result: 1966080
configure:4386: checking whether the shell understands some XSI constructs
configure:4396: result: yes
configure:4400: checking whether the shell understands "+="
configure:4406: result: yes
configure:4441: checking for /opt/rh/devtoolset-1.1/root/usr/libexec/gcc/x86_64-redhat-linux/4.7.2/ld option to reload object files
configure:4448: result: -r
configure:4517: checking for objdump
configure:4533: found /opt/rh/devtoolset-1.1/root/usr/bin/objdump
configure:4544: result: objdump
configure:4576: checking how to recognize dependent libraries
configure:4772: result: pass_all
configure:4832: checking for ar
configure:4848: found /opt/rh/devtoolset-1.1/root/usr/bin/ar
configure:4859: result: ar
configure:4937: checking for strip
configure:4953: found /opt/rh/devtoolset-1.1/root/usr/bin/strip
configure:4964: result: strip
configure:5036: checking for ranlib
configure:5052: found /opt/rh/devtoolset-1.1/root/usr/bin/ranlib
configure:5063: result: ranlib
configure:5153: checking command to parse /opt/rh/devtoolset-1.1/root/usr/bin/nm -B output from gcc object
configure:5271: gcc -c -g -O2  conftest.c >&5
configure:5274: $? = 0
configure:5278: /opt/rh/devtoolset-1.1/root/usr/bin/nm -B conftest.o \| sed -n -e 's/^.*[	 ]\([ABCDGIRSTW][ABCDGIRSTW]*\)[	 ][	 ]*\([_A-Za-z][_A-Za-z0-9]*\)$/\1 \2 \2/p' \> conftest.nm
configure:5281: $? = 0
configure:5335: gcc -o conftest -g -O2   conftest.c conftstm.o >&5
configure:5338: $? = 0
configure:5376: result: ok
configure:5472: gcc -c -g -O2  conftest.c >&5
configure:5475: $? = 0
configure:6243: checking how to run the C preprocessor
configure:6283: gcc -E  conftest.c
configure:6290: $? = 0
configure:6321: gcc -E  conftest.c
conftest.c:8:28: fatal error: ac_nonexistent.h: No such file or directory
compilation terminated.
configure:6328: $? = 1
configure: failed program was:
| /* confdefs.h.  */
| #define PACKAGE_NAME "hawtjni-example"
| #define PACKAGE_TARNAME "hawtjni-example"
| #define PACKAGE_VERSION "0.1"
| #define PACKAGE_STRING "hawtjni-example 0.1"
| #define PACKAGE_BUGREPORT ""
| /* end confdefs.h.  */
| #include <ac_nonexistent.h>
configure:6361: result: gcc -E
configure:6390: gcc -E  conftest.c
configure:6397: $? = 0
configure:6428: gcc -E  conftest.c
conftest.c:8:28: fatal error: ac_nonexistent.h: No such file or directory
compilation terminated.
configure:6435: $? = 1
configure: failed program was:
| /* confdefs.h.  */
| #define PACKAGE_NAME "hawtjni-example"
| #define PACKAGE_TARNAME "hawtjni-example"
| #define PACKAGE_VERSION "0.1"
| #define PACKAGE_STRING "hawtjni-example 0.1"
| #define PACKAGE_BUGREPORT ""
| /* end confdefs.h.  */
| #include <ac_nonexistent.h>
configure:6475: checking for ANSI C header files
configure:6505: gcc -c -g -O2  conftest.c >&5
configure:6512: $? = 0
configure:6611: gcc -o conftest -g -O2   conftest.c  >&5
configure:6615: $? = 0
configure:6621: ./conftest
configure:6625: $? = 0
configure:6643: result: yes
configure:6667: checking for sys/types.h
configure:6688: gcc -c -g -O2  conftest.c >&5
configure:6695: $? = 0
configure:6712: result: yes
configure:6667: checking for sys/stat.h
configure:6688: gcc -c -g -O2  conftest.c >&5
configure:6695: $? = 0
configure:6712: result: yes
configure:6667: checking for stdlib.h
configure:6688: gcc -c -g -O2  conftest.c >&5
configure:6695: $? = 0
configure:6712: result: yes
configure:6667: checking for string.h
configure:6688: gcc -c -g -O2  conftest.c >&5
configure:6695: $? = 0
configure:6712: result: yes
configure:6667: checking for memory.h
configure:6688: gcc -c -g -O2  conftest.c >&5
configure:6695: $? = 0
configure:6712: result: yes
configure:6667: checking for strings.h
configure:6688: gcc -c -g -O2  conftest.c >&5
configure:6695: $? = 0
configure:6712: result: yes
configure:6667: checking for inttypes.h
configure:6688: gcc -c -g -O2  conftest.c >&5
configure:6695: $? = 0
configure:6712: result: yes
configure:6667: checking for stdint.h
configure:6688: gcc -c -g -O2  conftest.c >&5
configure:6695: $? = 0
configure:6712: result: yes
configure:6667: checking for unistd.h
configure:6688: gcc -c -g -O2  conftest.c >&5
configure:6695: $? = 0
configure:6712: result: yes
configure:6730: checking for dlfcn.h
configure:6751: gcc -c -g -O2  conftest.c >&5
configure:6758: $? = 0
configure:6775: result: yes
configure:6902: checking for C++ compiler version
configure:6910: g++ --version >&5
g++ (GCC) 4.7.2 20121015 (Red Hat 4.7.2-5)
Copyright (C) 2012 Free Software Foundation, Inc.
This is free software; see the source for copying conditions.  There is NO
warranty; not even for MERCHANTABILITY or FITNESS FOR A PARTICULAR PURPOSE.

configure:6914: $? = 0
configure:6921: g++ -v >&5
Using built-in specs.
COLLECT_GCC=g++
COLLECT_LTO_WRAPPER=/opt/rh/devtoolset-1.1/root/usr/libexec/gcc/x86_64-redhat-linux/4.7.2/lto-wrapper
Target: x86_64-redhat-linux
Configured with: ../configure --prefix=/opt/rh/devtoolset-1.1/root/usr --mandir=/opt/rh/devtoolset-1.1/root/usr/share/man --infodir=/opt/rh/devtoolset-1.1/root/usr/share/info --with-bugurl=http://bugzilla.redhat.com/bugzilla --enable-bootstrap --enable-shared --enable-threads=posix --enable-checking=release --disable-build-with-cxx --disable-build-poststage1-with-cxx --with-system-zlib --enable-__cxa_atexit --disable-libunwind-exceptions --enable-gnu-unique-object --enable-linker-build-id --enable-languages=c,c++,fortran,lto --enable-plugin --with-linker-hash-style=gnu --enable-initfini-array --disable-libgcj --with-ppl --with-cloog --with-mpc=/builddir/build/BUILD/gcc-4.7.2-20121015/obj-x86_64-redhat-linux/mpc-install --with-tune=generic --with-arch_32=i686 --build=x86_64-redhat-linux
Thread model: posix
gcc version 4.7.2 20121015 (Red Hat 4.7.2-5) (GCC) 
configure:6925: $? = 0
configure:6932: g++ -V >&5
g++: error: unrecognized command line option '-V'
g++: fatal error: no input files
compilation terminated.
configure:6936: $? = 4
configure:6939: checking whether we are using the GNU C++ compiler
configure:6992: result: yes
configure:7001: checking whether g++ accepts -g
configure:7139: result: yes
configure:7170: checking how to run the C++ preprocessor
configure:7206: g++ -E  conftest.cpp
configure:7213: $? = 0
configure:7244: g++ -E  conftest.cpp
conftest.cpp:19:28: fatal error: ac_nonexistent.h: No such file or directory
compilation terminated.
configure:7251: $? = 1
configure: failed program was:
| /* confdefs.h.  */
| #define PACKAGE_NAME "hawtjni-example"
| #define PACKAGE_TARNAME "hawtjni-example"
| #define PACKAGE_VERSION "0.1"
| #define PACKAGE_STRING "hawtjni-example 0.1"
| #define PACKAGE_BUGREPORT ""
| #define STDC_HEADERS 1
| #define HAVE_SYS_TYPES_H 1
| #define HAVE_SYS_STAT_H 1
| #define HAVE_STDLIB_H 1
| #define HAVE_STRING_H 1
| #define HAVE_MEMORY_H 1
| #define HAVE_STRINGS_H 1
| #define HAVE_INTTYPES_H 1
| #define HAVE_STDINT_H 1
| #define HAVE_UNISTD_H 1
| #define HAVE_DLFCN_H 1
| /* end confdefs.h.  */
| #include <ac_nonexistent.h>
configure:7284: result: g++ -E
configure:7313: g++ -E  conftest.cpp
configure:7320: $? = 0
configure:7351: g++ -E  conftest.cpp
conftest.cpp:19:28: fatal error: ac_nonexistent.h: No such file or directory
compilation terminated.
configure:7358: $? = 1
configure: failed program was:
| /* confdefs.h.  */
| #define PACKAGE_NAME "hawtjni-example"
| #define PACKAGE_TARNAME "hawtjni-example"
| #define PACKAGE_VERSION "0.1"
| #define PACKAGE_STRING "hawtjni-example 0.1"
| #define PACKAGE_BUGREPORT ""
| #define STDC_HEADERS 1
| #define HAVE_SYS_TYPES_H 1
| #define HAVE_SYS_STAT_H 1
| #define HAVE_STDLIB_H 1
| #define HAVE_STRING_H 1
| #define HAVE_MEMORY_H 1
| #define HAVE_STRINGS_H 1
| #define HAVE_INTTYPES_H 1
| #define HAVE_STDINT_H 1
| #define HAVE_UNISTD_H 1
| #define HAVE_DLFCN_H 1
| /* end confdefs.h.  */
| #include <ac_nonexistent.h>
configure:7571: checking for objdir
configure:7586: result: .libs
configure:7882: checking if gcc supports -fno-rtti -fno-exceptions
configure:7900: gcc -c -g -O2  -fno-rtti -fno-exceptions conftest.c >&5
cc1: warning: command line option '-fno-rtti' is valid for C++/ObjC++ but not for C [enabled by default]
configure:7904: $? = 0
configure:7917: result: no
configure:7937: checking for gcc option to produce PIC
configure:8209: result: -fPIC -DPIC
configure:8221: checking if gcc PIC flag -fPIC -DPIC works
configure:8239: gcc -c -g -O2  -fPIC -DPIC -DPIC conftest.c >&5
configure:8243: $? = 0
configure:8256: result: yes
configure:8280: checking if gcc static flag -static works
configure:8308: result: no
configure:8323: checking if gcc supports -c -o file.o
configure:8344: gcc -c -g -O2  -o out/conftest2.o conftest.c >&5
configure:8348: $? = 0
configure:8370: result: yes
configure:8378: checking if gcc supports -c -o file.o
configure:8425: result: yes
configure:8458: checking whether the gcc linker (/opt/rh/devtoolset-1.1/root/usr/libexec/gcc/x86_64-redhat-linux/4.7.2/ld -m elf_x86_64) supports shared libraries
configure:9532: result: yes
configure:9569: checking whether -lc should be explicitly linked in
configure:9574: gcc -c -g -O2  conftest.c >&5
configure:9577: $? = 0
configure:9592: gcc -shared conftest.o  -v -Wl,-soname -Wl,conftest -o conftest 2\>\&1 \| /bin/grep  -lc  \>/dev/null 2\>\&1
configure:9595: $? = 0
configure:9607: result: no
configure:9771: checking dynamic linker characteristics
configure:10214: gcc -o conftest -g -O2   -Wl,-rpath -Wl,/foo conftest.c  >&5
configure:10221: $? = 0
configure:10457: result: GNU/Linux ld.so
configure:10559: checking how to hardcode library paths into programs
configure:10584: result: immediate
configure:11417: checking whether stripping libraries is possible
configure:11422: result: yes
configure:11457: checking if libtool supports shared libraries
configure:11459: result: yes
configure:11462: checking whether to build shared libraries
configure:11483: result: yes
configure:11486: checking whether to build static libraries
configure:11490: result: no
configure:11640: checking for ld used by g++
configure:11707: result: /opt/rh/devtoolset-1.1/root/usr/libexec/gcc/x86_64-redhat-linux/4.7.2/ld -m elf_x86_64
configure:11716: checking if the linker (/opt/rh/devtoolset-1.1/root/usr/libexec/gcc/x86_64-redhat-linux/4.7.2/ld -m elf_x86_64) is GNU ld
configure:11731: result: yes
configure:11786: checking whether the g++ linker (/opt/rh/devtoolset-1.1/root/usr/libexec/gcc/x86_64-redhat-linux/4.7.2/ld -m elf_x86_64) supports shared libraries
configure:12761: result: yes
configure:12789: g++ -c -g -O2  conftest.cpp >&5
configure:12792: $? = 0
configure:12974: checking for g++ option to produce PIC
configure:13291: result: -fPIC -DPIC
configure:13300: checking if g++ PIC flag -fPIC -DPIC works
configure:13318: g++ -c -g -O2  -fPIC -DPIC -DPIC conftest.cpp >&5
configure:13322: $? = 0
configure:13335: result: yes
configure:13356: checking if g++ static flag -static works
configure:13384: result: no
configure:13396: checking if g++ supports -c -o file.o
configure:13417: g++ -c -g -O2  -o out/conftest2.o conftest.cpp >&5
configure:13421: $? = 0
configure:13443: result: yes
configure:13448: checking if g++ supports -c -o file.o
configure:13495: result: yes
configure:13525: checking whether the g++ linker (/opt/rh/devtoolset-1.1/root/usr/libexec/gcc/x86_64-redhat-linux/4.7.2/ld -m elf_x86_64) supports shared libraries
configure:13551: result: yes
configure:13688: checking dynamic linker characteristics
configure:14079: g++ -o conftest -g -O2   -Wl,-rpath -Wl,/foo conftest.cpp  >&5
configure:14086: $? = 0
configure:14322: result: GNU/Linux ld.so
configure:14373: checking how to hardcode library paths into programs
configure:14398: result: immediate
configure:14605: JAVA_HOME was set, checking to see if it's a JDK we can use...
configure:14610: checking if '/export/apps/jdk/JDK-1_6_0_27' is a JDK
configure:14674: gcc -c -g -O2  -I/export/apps/jdk/JDK-1_6_0_27/include -I/export/apps/jdk/JDK-1_6_0_27/include/linux conftest.c >&5
configure:14681: $? = 0
configure:14699: result: yes
configure:15036: checking pthread.h usability
configure:15053: gcc -c -g -O2  conftest.c >&5
configure:15060: $? = 0
configure:15074: result: yes
configure:15078: checking pthread.h presence
configure:15093: gcc -E  conftest.c
configure:15100: $? = 0
configure:15114: result: yes
configure:15142: checking for pthread.h
configure:15149: result: yes
configure:15275: checking whether build environment is sane
configure:15335: result: yes
configure:15476: checking for a thread-safe mkdir -p
configure:15515: result: /bin/mkdir -p
configure:15528: checking for gawk
configure:15544: found /usr/bin/gawk
configure:15555: result: gawk
configure:15566: checking whether make sets $(MAKE)
configure:15588: result: yes
configure:15782: creating ./config.status
configure:18131: WARNING: unrecognized options: --disable-ccache

## ---------------- ##
## Cache variables. ##
## ---------------- ##

ac_cv_build=x86_64-unknown-linux-gnu
ac_cv_c_compiler_gnu=yes
ac_cv_cxx_compiler_gnu=yes
ac_cv_env_CCC_set=
ac_cv_env_CCC_value=
ac_cv_env_CC_set=
ac_cv_env_CC_value=
ac_cv_env_CFLAGS_set=
ac_cv_env_CFLAGS_value=
ac_cv_env_CPPFLAGS_set=
ac_cv_env_CPPFLAGS_value=
ac_cv_env_CPP_set=
ac_cv_env_CPP_value=
ac_cv_env_CXXCPP_set=
ac_cv_env_CXXCPP_value=
ac_cv_env_CXXFLAGS_set=
ac_cv_env_CXXFLAGS_value=
ac_cv_env_CXX_set=
ac_cv_env_CXX_value=
ac_cv_env_LDFLAGS_set=
ac_cv_env_LDFLAGS_value=
ac_cv_env_LIBS_set=
ac_cv_env_LIBS_value=
ac_cv_env_build_alias_set=
ac_cv_env_build_alias_value=
ac_cv_env_host_alias_set=
ac_cv_env_host_alias_value=
ac_cv_env_target_alias_set=
ac_cv_env_target_alias_value=
ac_cv_header_dlfcn_h=yes
ac_cv_header_inttypes_h=yes
ac_cv_header_memory_h=yes
ac_cv_header_pthread_h=yes
ac_cv_header_stdc=yes
ac_cv_header_stdint_h=yes
ac_cv_header_stdlib_h=yes
ac_cv_header_string_h=yes
ac_cv_header_strings_h=yes
ac_cv_header_sys_stat_h=yes
ac_cv_header_sys_types_h=yes
ac_cv_header_unistd_h=yes
ac_cv_host=x86_64-unknown-linux-gnu
ac_cv_objext=o
ac_cv_path_EGREP='/bin/grep -E'
ac_cv_path_FGREP='/bin/grep -F'
ac_cv_path_GREP=/bin/grep
ac_cv_path_SED=/bin/sed
ac_cv_path_install='/usr/bin/install -c'
ac_cv_path_mkdir=/bin/mkdir
ac_cv_prog_AWK=gawk
ac_cv_prog_CPP='gcc -E'
ac_cv_prog_CXXCPP='g++ -E'
ac_cv_prog_ac_ct_AR=ar
ac_cv_prog_ac_ct_CC=gcc
ac_cv_prog_ac_ct_CXX=g++
ac_cv_prog_ac_ct_OBJDUMP=objdump
ac_cv_prog_ac_ct_RANLIB=ranlib
ac_cv_prog_ac_ct_STRIP=strip
ac_cv_prog_cc_c89=
ac_cv_prog_cc_g=yes
ac_cv_prog_cxx_g=yes
ac_cv_prog_make_make_set=yes
ac_cv_target=x86_64-unknown-linux-gnu
lt_cv_deplibs_check_method=pass_all
lt_cv_file_magic_cmd='$MAGIC_CMD'
lt_cv_file_magic_test_file=
lt_cv_ld_reload_flag=-r
lt_cv_nm_interface='BSD nm'
lt_cv_objdir=.libs
lt_cv_path_LD=/opt/rh/devtoolset-1.1/root/usr/libexec/gcc/x86_64-redhat-linux/4.7.2/ld
lt_cv_path_LDCXX='/opt/rh/devtoolset-1.1/root/usr/libexec/gcc/x86_64-redhat-linux/4.7.2/ld -m elf_x86_64'
lt_cv_path_NM='/opt/rh/devtoolset-1.1/root/usr/bin/nm -B'
lt_cv_prog_compiler_c_o=yes
lt_cv_prog_compiler_c_o_CXX=yes
lt_cv_prog_compiler_pic_works=yes
lt_cv_prog_compiler_pic_works_CXX=yes
lt_cv_prog_compiler_rtti_exceptions=no
lt_cv_prog_compiler_static_works=no
lt_cv_prog_compiler_static_works_CXX=no
lt_cv_prog_gnu_ld=yes
lt_cv_prog_gnu_ldcxx=yes
lt_cv_sys_global_symbol_pipe='sed -n -e '\''s/^.*[	 ]\([ABCDGIRSTW][ABCDGIRSTW]*\)[	 ][	 ]*\([_A-Za-z][_A-Za-z0-9]*\)$/\1 \2 \2/p'\'''
lt_cv_sys_global_symbol_to_c_name_address='sed -n -e '\''s/^: \([^ ]*\) $/  {\"\1\", (void *) 0},/p'\'' -e '\''s/^[ABCDGIRSTW]* \([^ ]*\) \([^ ]*\)$/  {"\2", (void *) \&\2},/p'\'''
lt_cv_sys_global_symbol_to_c_name_address_lib_prefix='sed -n -e '\''s/^: \([^ ]*\) $/  {\"\1\", (void *) 0},/p'\'' -e '\''s/^[ABCDGIRSTW]* \([^ ]*\) \(lib[^ ]*\)$/  {"\2", (void *) \&\2},/p'\'' -e '\''s/^[ABCDGIRSTW]* \([^ ]*\) \([^ ]*\)$/  {"lib\2", (void *) \&\2},/p'\'''
lt_cv_sys_global_symbol_to_cdecl='sed -n -e '\''s/^T .* \(.*\)$/extern int \1();/p'\'' -e '\''s/^[ABCDGIRSTW]* .* \(.*\)$/extern char \1;/p'\'''
lt_cv_sys_max_cmd_len=1966080

## ----------------- ##
## Output variables. ##
## ----------------- ##

ACLOCAL='${SHELL} /home/aigupta/hawtjni/hawtjni-example/target/native-build/autotools/missing --run aclocal-1.11'
AMTAR='${SHELL} /home/aigupta/hawtjni/hawtjni-example/target/native-build/autotools/missing --run tar'
AR='ar'
AUTOCONF='${SHELL} /home/aigupta/hawtjni/hawtjni-example/target/native-build/autotools/missing --run autoconf'
AUTOHEADER='${SHELL} /home/aigupta/hawtjni/hawtjni-example/target/native-build/autotools/missing --run autoheader'
AUTOMAKE='${SHELL} /home/aigupta/hawtjni/hawtjni-example/target/native-build/autotools/missing --run automake-1.11'
AWK='gawk'
CC='gcc'
CFLAGS='-g -O2 -I/export/apps/jdk/JDK-1_6_0_27/include -I/export/apps/jdk/JDK-1_6_0_27/include/linux'
CPP='gcc -E'
CPPFLAGS=''
CXX='g++'
CXXCPP='g++ -E'
CXXFLAGS='-g -O2 -I/export/apps/jdk/JDK-1_6_0_27/include -I/export/apps/jdk/JDK-1_6_0_27/include/linux'
CYGPATH_W='echo'
DEFS='-DHAVE_CONFIG_H'
DSYMUTIL=''
DUMPBIN=''
ECHO_C=''
ECHO_N='-n'
ECHO_T=''
EGREP='/bin/grep -E'
EXEEXT=''
FGREP='/bin/grep -F'
GREP='/bin/grep'
INSTALL_DATA='${INSTALL} -m 644'
INSTALL_PROGRAM='${INSTALL}'
INSTALL_SCRIPT='${INSTALL}'
INSTALL_STRIP_PROGRAM='$(install_sh) -c -s'
JNI_EXTRA_CFLAGS='-I/export/apps/jdk/JDK-1_6_0_27/include -I/export/apps/jdk/JDK-1_6_0_27/include/linux'
JNI_EXTRA_LDFLAGS=''
JNI_JDK='/export/apps/jdk/JDK-1_6_0_27'
LD='/opt/rh/devtoolset-1.1/root/usr/libexec/gcc/x86_64-redhat-linux/4.7.2/ld -m elf_x86_64'
LDFLAGS='  -release 0.1'
LIBOBJS=''
LIBS=''
LIBTOOL='$(SHELL) $(top_builddir)/libtool'
LIPO=''
LN_S='ln -s'
LTLIBOBJS=''
MAKEINFO='${SHELL} /home/aigupta/hawtjni/hawtjni-example/target/native-build/autotools/missing --run makeinfo'
MKDIR_P='/bin/mkdir -p'
NM='/opt/rh/devtoolset-1.1/root/usr/bin/nm -B'
NMEDIT=''
OBJDUMP='objdump'
OBJEXT='o'
OSX_SDKS_DIR=''
OSX_VERSION=''
OTOOL64=''
OTOOL=''
PACKAGE='hawtjni-example'
PACKAGE_BUGREPORT=''
PACKAGE_NAME='hawtjni-example'
PACKAGE_STRING='hawtjni-example 0.1'
PACKAGE_TARNAME='hawtjni-example'
PACKAGE_VERSION='0.1'
PATH_SEPARATOR=':'
RANLIB='ranlib'
SED='/bin/sed'
SET_MAKE=''
SHELL='/bin/sh'
STRIP='strip'
VERSION='0.1'
ac_ct_CC='gcc'
ac_ct_CXX='g++'
ac_ct_DUMPBIN=''
am__EXEEXT_FALSE=''
am__EXEEXT_TRUE='#'
am__isrc=''
am__leading_dot='.'
am__tar='${AMTAR} chof - "$$tardir"'
am__untar='${AMTAR} xf -'
bindir='${exec_prefix}/bin'
build='x86_64-unknown-linux-gnu'
build_alias=''
build_cpu='x86_64'
build_os='linux-gnu'
build_vendor='unknown'
datadir='${datarootdir}'
datarootdir='${prefix}/share'
docdir='${datarootdir}/doc/${PACKAGE_TARNAME}'
dvidir='${docdir}'
exec_prefix='${prefix}'
host='x86_64-unknown-linux-gnu'
host_alias=''
host_cpu='x86_64'
host_os='linux-gnu'
host_vendor='unknown'
htmldir='${docdir}'
includedir='${prefix}/include'
infodir='${datarootdir}/info'
install_sh='${SHELL} /home/aigupta/hawtjni/hawtjni-example/target/native-build/autotools/install-sh'
libdir='${exec_prefix}/lib'
libexecdir='${exec_prefix}/libexec'
localedir='${datarootdir}/locale'
localstatedir='${prefix}/var'
lt_ECHO='echo'
mandir='${datarootdir}/man'
mkdir_p='/bin/mkdir -p'
oldincludedir='/usr/include'
pdfdir='${docdir}'
prefix='/home/aigupta/hawtjni/hawtjni-example/target/native-build/target'
program_transform_name='s,x,x,'
psdir='${docdir}'
sbindir='${exec_prefix}/sbin'
sharedstatedir='${prefix}/com'
sysconfdir='${prefix}/etc'
target='x86_64-unknown-linux-gnu'
target_alias=''
target_cpu='x86_64'
target_os='linux-gnu'
target_vendor='unknown'

## ----------- ##
## confdefs.h. ##
## ----------- ##

#define PACKAGE_NAME "hawtjni-example"
#define PACKAGE_TARNAME "hawtjni-example"
#define PACKAGE_VERSION "0.1"
#define PACKAGE_STRING "hawtjni-example 0.1"
#define PACKAGE_BUGREPORT ""
#define STDC_HEADERS 1
#define HAVE_SYS_TYPES_H 1
#define HAVE_SYS_STAT_H 1
#define HAVE_STDLIB_H 1
#define HAVE_STRING_H 1
#define HAVE_MEMORY_H 1
#define HAVE_STRINGS_H 1
#define HAVE_INTTYPES_H 1
#define HAVE_STDINT_H 1
#define HAVE_UNISTD_H 1
#define HAVE_DLFCN_H 1
#define LT_OBJDIR ".libs/"
#define HAVE_PTHREAD_H 1
#define PACKAGE "hawtjni-example"
#define VERSION "0.1"

configure: exit 0

## ---------------------- ##
## Running config.status. ##
## ---------------------- ##

This file was extended by hawtjni-example config.status 0.1, which was
generated by GNU Autoconf 2.63.  Invocation command line was

  CONFIG_FILES    = 
  CONFIG_HEADERS  = 
  CONFIG_LINKS    = 
  CONFIG_COMMANDS = 
  $ ./config.status 

on aigupta-ld

config.status:1041: creating Makefile
config.status:1041: creating src/config.h
config.status:1263: src/config.h is unchanged
config.status:1315: executing libtool commands
